2024-06-02 12:57:00.878 [info] Using settings sync service https://vscode-sync.trafficmanager.net/
2024-06-02 12:57:00.878 [info] Auto Sync is enabled.
2024-06-02 12:57:00.879 [info] Auto Sync: Suspended until auth token is available.
2024-06-02 12:57:02.523 [info] Auto Sync: Triggered by Interval
2024-06-02 12:57:02.524 [info] Sync started.
2024-06-02 12:57:03.288 [info] Settings: Last sync resource does not exist locally.
2024-06-02 12:57:03.527 [info] Settings: No changes found during synchronizing settings.
2024-06-02 12:57:03.536 [info] Keybindings: Last sync resource does not exist locally.
2024-06-02 12:57:03.920 [info] Keybindings: No changes found during synchronizing keybindings.
2024-06-02 12:57:03.926 [info] Snippets: Last sync resource does not exist locally.
2024-06-02 12:57:04.292 [info] Snippets: No changes found during synchronizing snippets.
2024-06-02 12:57:04.296 [info] Tasks: Last sync resource does not exist locally.
2024-06-02 12:57:04.375 [info] GlobalState: Last sync resource does not exist locally.
2024-06-02 12:57:04.641 [info] Tasks: No changes found during synchronizing tasks.
2024-06-02 12:57:04.645 [info] GlobalState: Last sync resource does not exist locally.
2024-06-02 12:57:05.564 [info] GlobalState: Updated remote ui state. Updated: recently.opened.
2024-06-02 12:57:05.584 [info] GlobalState: Updated last synchronized ui state
2024-06-02 12:57:05.648 [info] Extensions: Last sync resource does not exist locally.
2024-06-02 12:57:06.117 [info] Extensions: No changes found during synchronizing extensions.
2024-06-02 12:57:06.140 [info] Profiles: Last sync resource does not exist locally.
2024-06-02 12:57:06.442 [info] Profiles: No changes found during synchronizing profiles.
2024-06-02 12:57:06.446 [info] Syncing profile. Python
2024-06-02 12:57:06.459 [info] Settings (Python): Migrating last sync user data. Resource does not exist.
2024-06-02 12:57:06.459 [info] Settings (Python): Last sync data state does not exist.
2024-06-02 12:57:06.819 [info] Settings (Python): Detected conflicts while synchronizing settings.
2024-06-02 12:57:06.837 [info] Keybindings (Python): Last sync resource does not exist locally.
2024-06-02 12:57:07.097 [info] Keybindings (Python): No changes found during synchronizing keybindings.
2024-06-02 12:57:07.127 [info] Snippets (Python): Last sync resource does not exist locally.
2024-06-02 12:57:07.365 [info] Snippets (Python): No changes found during synchronizing snippets.
2024-06-02 12:57:07.368 [info] Tasks (Python): Last sync resource does not exist locally.
2024-06-02 12:57:07.561 [info] Tasks (Python): No changes found during synchronizing tasks.
2024-06-02 12:57:07.563 [info] GlobalState (Python): Last sync resource does not exist locally.
2024-06-02 12:57:07.856 [info] GlobalState (Python): No changes found during synchronizing ui state.
2024-06-02 12:57:07.858 [info] Extensions (Python): Last sync resource does not exist locally.
2024-06-02 12:57:08.195 [info] Extensions (Python): No changes found during synchronizing extensions.
2024-06-02 12:57:08.196 [info] Sync done. Took 5672ms
2024-06-02 12:57:08.196 [info] Auto Sync: Triggered by Activity
2024-06-02 12:57:08.196 [info] Sync started.
2024-06-02 12:57:08.504 [info] Settings: No changes found during synchronizing settings.
2024-06-02 12:57:08.554 [info] Keybindings: No changes found during synchronizing keybindings.
2024-06-02 12:57:08.606 [info] Snippets: No changes found during synchronizing snippets.
2024-06-02 12:57:08.613 [info] Tasks: No changes found during synchronizing tasks.
2024-06-02 12:57:09.239 [info] GlobalState: Updated remote ui state. Updated: recently.opened.
2024-06-02 12:57:09.325 [info] GlobalState: Updated last synchronized ui state
2024-06-02 12:57:09.792 [info] Extensions: No changes found during synchronizing extensions.
2024-06-02 12:57:09.863 [info] Profiles: No changes found during synchronizing profiles.
2024-06-02 12:57:09.876 [info] Syncing profile. Python
2024-06-02 12:57:09.876 [info] Settings (Python): Skipped synchronizing settings as there are conflicts.
2024-06-02 12:57:09.884 [info] Keybindings (Python): No changes found during synchronizing keybindings.
2024-06-02 12:57:09.893 [info] Snippets (Python): No changes found during synchronizing snippets.
2024-06-02 12:57:09.900 [info] Tasks (Python): No changes found during synchronizing tasks.
2024-06-02 12:57:09.975 [info] GlobalState (Python): No changes found during synchronizing ui state.
2024-06-02 12:57:10.282 [info] Extensions (Python): No changes found during synchronizing extensions.
2024-06-02 12:57:10.285 [info] Sync done. Took 2089ms
2024-06-02 12:57:11.002 [info] Auto Sync: Triggered by Activity
2024-06-02 12:57:11.002 [info] Sync started.
2024-06-02 12:57:11.309 [info] Settings: No changes found during synchronizing settings.
2024-06-02 12:57:11.341 [info] Keybindings: No changes found during synchronizing keybindings.
2024-06-02 12:57:11.349 [info] Snippets: No changes found during synchronizing snippets.
2024-06-02 12:57:11.352 [info] Tasks: No changes found during synchronizing tasks.
2024-06-02 12:57:11.383 [info] GlobalState: No changes found during synchronizing ui state.
2024-06-02 12:57:11.455 [info] Extensions: No changes found during synchronizing extensions.
2024-06-02 12:57:11.463 [info] Profiles: No changes found during synchronizing profiles.
2024-06-02 12:57:11.465 [info] Syncing profile. Python
2024-06-02 12:57:11.465 [info] Settings (Python): Skipped synchronizing settings as there are conflicts.
2024-06-02 12:57:11.468 [info] Keybindings (Python): No changes found during synchronizing keybindings.
2024-06-02 12:57:11.477 [info] Snippets (Python): No changes found during synchronizing snippets.
2024-06-02 12:57:11.481 [info] Tasks (Python): No changes found during synchronizing tasks.
2024-06-02 12:57:11.526 [info] GlobalState (Python): No changes found during synchronizing ui state.
2024-06-02 12:57:11.586 [info] Extensions (Python): No changes found during synchronizing extensions.
2024-06-02 12:57:11.587 [info] Sync done. Took 585ms
2024-06-02 12:59:45.088 [info] Auto Sync: Triggered by Activity
2024-06-02 12:59:45.089 [info] Sync started.
2024-06-02 12:59:45.657 [info] Settings: Updated remote settings
2024-06-02 12:59:45.667 [info] Settings: Updated last synchronized settings
2024-06-02 12:59:45.676 [info] Keybindings: No changes found during synchronizing keybindings.
2024-06-02 12:59:45.678 [info] Snippets: No changes found during synchronizing snippets.
2024-06-02 12:59:45.687 [info] Tasks: No changes found during synchronizing tasks.
2024-06-02 12:59:45.699 [info] GlobalState: No changes found during synchronizing ui state.
2024-06-02 12:59:45.760 [info] Extensions: No changes found during synchronizing extensions.
2024-06-02 12:59:45.774 [info] Profiles: No changes found during synchronizing profiles.
2024-06-02 12:59:45.775 [info] Syncing profile. Python
2024-06-02 12:59:45.775 [info] Settings (Python): Skipped synchronizing settings as there are conflicts.
2024-06-02 12:59:45.777 [info] Keybindings (Python): No changes found during synchronizing keybindings.
2024-06-02 12:59:45.789 [info] Snippets (Python): No changes found during synchronizing snippets.
2024-06-02 12:59:45.791 [info] Tasks (Python): No changes found during synchronizing tasks.
2024-06-02 12:59:45.841 [info] GlobalState (Python): No changes found during synchronizing ui state.
2024-06-02 12:59:45.936 [info] Extensions (Python): No changes found during synchronizing extensions.
2024-06-02 12:59:45.936 [info] Sync done. Took 847ms
