2024-06-08 13:47:17.410 [info] Using settings sync service https://vscode-sync.trafficmanager.net/
2024-06-08 13:47:17.410 [info] Auto Sync is enabled.
2024-06-08 13:47:17.410 [info] Auto Sync: Suspended until auth token is available.
2024-06-08 13:47:20.290 [info] Auto Sync: Triggered by Interval
2024-06-08 13:47:20.291 [info] Sync started.
2024-06-08 13:47:20.727 [info] Settings: Last sync resource does not exist locally.
2024-06-08 13:47:21.216 [info] Settings: No changes found during synchronizing settings.
2024-06-08 13:47:21.228 [info] Keybindings: Last sync resource does not exist locally.
2024-06-08 13:47:21.520 [info] Keybindings: No changes found during synchronizing keybindings.
2024-06-08 13:47:21.531 [info] Snippets: Last sync resource does not exist locally.
2024-06-08 13:47:21.732 [info] Snippets: No changes found during synchronizing snippets.
2024-06-08 13:47:21.740 [info] Tasks: Last sync resource does not exist locally.
2024-06-08 13:47:22.006 [info] Tasks: No changes found during synchronizing tasks.
2024-06-08 13:47:22.020 [info] GlobalState: Last sync resource does not exist locally.
2024-06-08 13:47:23.352 [info] GlobalState: Updated remote ui state. Updated: recently.opened.
2024-06-08 13:47:23.382 [info] GlobalState: Updated last synchronized ui state
2024-06-08 13:47:23.440 [info] Extensions: Last sync resource does not exist locally.
2024-06-08 13:47:23.874 [info] Extensions: No changes found during synchronizing extensions.
2024-06-08 13:47:23.903 [info] Profiles: Last sync resource does not exist locally.
2024-06-08 13:47:24.151 [info] Profiles: No changes found during synchronizing profiles.
2024-06-08 13:47:24.189 [info] Syncing profile. Python
2024-06-08 13:47:24.219 [info] Settings (Python): Migrating last sync user data. Resource does not exist.
2024-06-08 13:47:24.220 [info] Settings (Python): Last sync data state does not exist.
2024-06-08 13:47:25.385 [info] Settings (Python): Detected conflicts while synchronizing settings.
2024-06-08 13:47:25.465 [info] Keybindings (Python): Last sync resource does not exist locally.
2024-06-08 13:47:25.770 [info] Keybindings (Python): No changes found during synchronizing keybindings.
2024-06-08 13:47:25.838 [info] Snippets (Python): Last sync resource does not exist locally.
2024-06-08 13:47:26.381 [info] Snippets (Python): No changes found during synchronizing snippets.
2024-06-08 13:47:26.388 [info] Tasks (Python): Last sync resource does not exist locally.
2024-06-08 13:47:27.980 [info] Tasks (Python): No changes found during synchronizing tasks.
2024-06-08 13:47:28.004 [info] GlobalState (Python): Last sync resource does not exist locally.
2024-06-08 13:47:29.310 [info] GlobalState (Python): No changes found during synchronizing ui state.
2024-06-08 13:47:29.318 [info] Extensions (Python): Last sync resource does not exist locally.
2024-06-08 13:47:30.244 [info] Extensions (Python): No changes found during synchronizing extensions.
2024-06-08 13:47:30.246 [info] Sync done. Took 9955ms
2024-06-08 13:50:33.423 [info] Auto Sync: Triggered by Activity
2024-06-08 13:50:33.423 [info] Sync started.
2024-06-08 13:50:33.879 [info] Settings: No changes found during synchronizing settings.
2024-06-08 13:50:33.901 [info] Keybindings: No changes found during synchronizing keybindings.
2024-06-08 13:50:33.907 [info] Snippets: No changes found during synchronizing snippets.
2024-06-08 13:50:33.911 [info] Tasks: No changes found during synchronizing tasks.
2024-06-08 13:50:33.925 [info] GlobalState: Last sync data stored locally is not same as the last sync state.
2024-06-08 13:50:34.809 [info] GlobalState: No changes found during synchronizing ui state.
2024-06-08 13:50:34.850 [info] GlobalState: Updated last synchronized ui state
2024-06-08 13:50:34.992 [info] Extensions: No changes found during synchronizing extensions.
2024-06-08 13:50:35.015 [info] Profiles: No changes found during synchronizing profiles.
2024-06-08 13:50:35.024 [info] Syncing profile. Python
2024-06-08 13:50:35.025 [info] Settings (Python): Skipped synchronizing settings as there are conflicts.
2024-06-08 13:50:35.038 [info] Keybindings (Python): No changes found during synchronizing keybindings.
2024-06-08 13:50:35.053 [info] Snippets (Python): No changes found during synchronizing snippets.
2024-06-08 13:50:35.072 [info] Tasks (Python): No changes found during synchronizing tasks.
2024-06-08 13:50:35.161 [info] GlobalState (Python): No changes found during synchronizing ui state.
2024-06-08 13:50:35.234 [info] Extensions (Python): No changes found during synchronizing extensions.
2024-06-08 13:50:35.235 [info] Sync done. Took 1812ms
2024-06-08 13:55:35.253 [info] Auto Sync: Triggered by Interval
2024-06-08 13:55:35.254 [info] Sync started.
2024-06-08 13:55:35.755 [info] Settings: No changes found during synchronizing settings.
2024-06-08 13:55:35.776 [info] Keybindings: No changes found during synchronizing keybindings.
2024-06-08 13:55:35.779 [info] Snippets: No changes found during synchronizing snippets.
2024-06-08 13:55:35.800 [info] Tasks: No changes found during synchronizing tasks.
2024-06-08 13:55:35.848 [info] GlobalState: No changes found during synchronizing ui state.
2024-06-08 13:55:35.985 [info] Extensions: No changes found during synchronizing extensions.
2024-06-08 13:55:36.007 [info] Profiles: No changes found during synchronizing profiles.
2024-06-08 13:55:36.012 [info] Syncing profile. Python
2024-06-08 13:55:36.012 [info] Settings (Python): Skipped synchronizing settings as there are conflicts.
2024-06-08 13:55:36.016 [info] Keybindings (Python): No changes found during synchronizing keybindings.
2024-06-08 13:55:36.028 [info] Snippets (Python): No changes found during synchronizing snippets.
2024-06-08 13:55:36.036 [info] Tasks (Python): No changes found during synchronizing tasks.
2024-06-08 13:55:36.182 [info] GlobalState (Python): No changes found during synchronizing ui state.
2024-06-08 13:55:36.323 [info] Extensions (Python): No changes found during synchronizing extensions.
2024-06-08 13:55:36.325 [info] Sync done. Took 1071ms
2024-06-08 13:57:00.726 [info] Auto Sync: Triggered by Activity
2024-06-08 13:57:00.726 [info] Sync started.
2024-06-08 13:57:01.019 [info] Settings: No changes found during synchronizing settings.
2024-06-08 13:57:01.042 [info] Keybindings: No changes found during synchronizing keybindings.
2024-06-08 13:57:01.049 [info] Snippets: No changes found during synchronizing snippets.
2024-06-08 13:57:01.063 [info] Tasks: No changes found during synchronizing tasks.
2024-06-08 13:57:01.696 [info] GlobalState: Updated remote ui state. Updated: workbench.statusbar.hidden,languageStatus.dedicated.
2024-06-08 13:57:01.746 [info] GlobalState: Updated last synchronized ui state
2024-06-08 13:57:01.886 [info] Extensions: No changes found during synchronizing extensions.
2024-06-08 13:57:01.923 [info] Profiles: No changes found during synchronizing profiles.
2024-06-08 13:57:01.933 [info] Syncing profile. Python
2024-06-08 13:57:01.933 [info] Settings (Python): Skipped synchronizing settings as there are conflicts.
2024-06-08 13:57:01.941 [info] Keybindings (Python): No changes found during synchronizing keybindings.
2024-06-08 13:57:01.947 [info] Snippets (Python): No changes found during synchronizing snippets.
2024-06-08 13:57:01.952 [info] Tasks (Python): No changes found during synchronizing tasks.
2024-06-08 13:57:02.011 [info] GlobalState (Python): No changes found during synchronizing ui state.
2024-06-08 13:57:02.151 [info] Extensions (Python): No changes found during synchronizing extensions.
2024-06-08 13:57:02.152 [info] Sync done. Took 1426ms
2024-06-08 14:02:02.184 [info] Auto Sync: Triggered by Interval
2024-06-08 14:02:02.185 [info] Sync started.
2024-06-08 14:02:03.558 [info] Settings: No changes found during synchronizing settings.
2024-06-08 14:02:03.576 [info] Keybindings: No changes found during synchronizing keybindings.
2024-06-08 14:02:03.589 [info] Snippets: No changes found during synchronizing snippets.
2024-06-08 14:02:03.601 [info] Tasks: No changes found during synchronizing tasks.
2024-06-08 14:02:03.634 [info] GlobalState: No changes found during synchronizing ui state.
2024-06-08 14:02:03.741 [info] Extensions: No changes found during synchronizing extensions.
2024-06-08 14:02:03.759 [info] Profiles: No changes found during synchronizing profiles.
2024-06-08 14:02:03.766 [info] Syncing profile. Python
2024-06-08 14:02:03.766 [info] Settings (Python): Skipped synchronizing settings as there are conflicts.
2024-06-08 14:02:03.792 [info] Keybindings (Python): No changes found during synchronizing keybindings.
2024-06-08 14:02:03.815 [info] Snippets (Python): No changes found during synchronizing snippets.
2024-06-08 14:02:03.826 [info] Tasks (Python): No changes found during synchronizing tasks.
2024-06-08 14:02:03.979 [info] GlobalState (Python): No changes found during synchronizing ui state.
2024-06-08 14:02:04.170 [info] Extensions (Python): No changes found during synchronizing extensions.
2024-06-08 14:02:04.171 [info] Sync done. Took 1986ms
2024-06-08 14:07:04.177 [info] Auto Sync: Triggered by Interval
2024-06-08 14:07:04.178 [info] Sync started.
2024-06-08 14:07:04.422 [info] Settings: No changes found during synchronizing settings.
2024-06-08 14:07:04.437 [info] Keybindings: No changes found during synchronizing keybindings.
2024-06-08 14:07:04.453 [info] Snippets: No changes found during synchronizing snippets.
2024-06-08 14:07:04.469 [info] Tasks: No changes found during synchronizing tasks.
2024-06-08 14:07:04.506 [info] GlobalState: No changes found during synchronizing ui state.
2024-06-08 14:07:04.664 [info] Extensions: No changes found during synchronizing extensions.
2024-06-08 14:07:04.776 [info] Profiles: No changes found during synchronizing profiles.
2024-06-08 14:07:04.785 [info] Syncing profile. Python
2024-06-08 14:07:04.785 [info] Settings (Python): Skipped synchronizing settings as there are conflicts.
2024-06-08 14:07:04.854 [info] Keybindings (Python): No changes found during synchronizing keybindings.
2024-06-08 14:07:04.898 [info] Snippets (Python): No changes found during synchronizing snippets.
2024-06-08 14:07:04.914 [info] Tasks (Python): No changes found during synchronizing tasks.
2024-06-08 14:07:05.378 [info] GlobalState (Python): No changes found during synchronizing ui state.
2024-06-08 14:07:05.567 [info] Extensions (Python): No changes found during synchronizing extensions.
2024-06-08 14:07:05.568 [info] Sync done. Took 1390ms
2024-06-08 14:07:57.385 [info] Auto Sync: Triggered by Activity
2024-06-08 14:07:57.385 [info] Sync started.
2024-06-08 14:07:57.624 [info] Settings: No changes found during synchronizing settings.
2024-06-08 14:07:57.648 [info] Keybindings: No changes found during synchronizing keybindings.
2024-06-08 14:07:57.656 [info] Snippets: No changes found during synchronizing snippets.
2024-06-08 14:07:57.669 [info] Tasks: No changes found during synchronizing tasks.
2024-06-08 14:07:58.142 [info] GlobalState: Updated remote ui state. Updated: workbench.statusbar.hidden,languageStatus.dedicated.
2024-06-08 14:07:58.154 [info] GlobalState: Updated last synchronized ui state
2024-06-08 14:07:58.318 [info] Extensions: No changes found during synchronizing extensions.
2024-06-08 14:07:58.336 [info] Profiles: No changes found during synchronizing profiles.
2024-06-08 14:07:58.339 [info] Syncing profile. Python
2024-06-08 14:07:58.340 [info] Settings (Python): Skipped synchronizing settings as there are conflicts.
2024-06-08 14:07:58.352 [info] Keybindings (Python): No changes found during synchronizing keybindings.
2024-06-08 14:07:58.371 [info] Snippets (Python): No changes found during synchronizing snippets.
2024-06-08 14:07:58.377 [info] Tasks (Python): No changes found during synchronizing tasks.
2024-06-08 14:07:58.619 [info] GlobalState (Python): No changes found during synchronizing ui state.
2024-06-08 14:07:58.725 [info] Extensions (Python): No changes found during synchronizing extensions.
2024-06-08 14:07:58.730 [info] Sync done. Took 1345ms
2024-06-08 14:12:58.740 [info] Auto Sync: Triggered by Interval
2024-06-08 14:12:58.740 [info] Sync started.
2024-06-08 14:12:59.184 [info] Settings: No changes found during synchronizing settings.
2024-06-08 14:12:59.201 [info] Keybindings: No changes found during synchronizing keybindings.
2024-06-08 14:12:59.212 [info] Snippets: No changes found during synchronizing snippets.
2024-06-08 14:12:59.232 [info] Tasks: No changes found during synchronizing tasks.
2024-06-08 14:12:59.271 [info] GlobalState: No changes found during synchronizing ui state.
2024-06-08 14:12:59.383 [info] Extensions: No changes found during synchronizing extensions.
2024-06-08 14:12:59.393 [info] Profiles: No changes found during synchronizing profiles.
2024-06-08 14:12:59.413 [info] Syncing profile. Python
2024-06-08 14:12:59.413 [info] Settings (Python): Skipped synchronizing settings as there are conflicts.
2024-06-08 14:12:59.448 [info] Keybindings (Python): No changes found during synchronizing keybindings.
2024-06-08 14:12:59.480 [info] Snippets (Python): No changes found during synchronizing snippets.
2024-06-08 14:12:59.509 [info] Tasks (Python): No changes found during synchronizing tasks.
2024-06-08 14:12:59.584 [info] GlobalState (Python): No changes found during synchronizing ui state.
2024-06-08 14:12:59.712 [info] Extensions (Python): No changes found during synchronizing extensions.
2024-06-08 14:12:59.714 [info] Sync done. Took 974ms
2024-06-08 14:13:19.031 [info] Auto Sync: Triggered by Activity
2024-06-08 14:13:19.032 [info] Sync started.
2024-06-08 14:13:19.250 [info] Settings: No changes found during synchronizing settings.
2024-06-08 14:13:19.270 [info] Keybindings: No changes found during synchronizing keybindings.
2024-06-08 14:13:19.286 [info] Snippets: No changes found during synchronizing snippets.
2024-06-08 14:13:19.304 [info] Tasks: No changes found during synchronizing tasks.
2024-06-08 14:13:19.753 [info] GlobalState: Updated remote ui state. Updated: workbench.statusbar.hidden,languageStatus.dedicated.
2024-06-08 14:13:19.765 [info] GlobalState: Updated last synchronized ui state
2024-06-08 14:13:19.885 [info] Extensions: No changes found during synchronizing extensions.
2024-06-08 14:13:19.901 [info] Profiles: No changes found during synchronizing profiles.
2024-06-08 14:13:19.906 [info] Syncing profile. Python
2024-06-08 14:13:19.906 [info] Settings (Python): Skipped synchronizing settings as there are conflicts.
2024-06-08 14:13:19.923 [info] Keybindings (Python): No changes found during synchronizing keybindings.
2024-06-08 14:13:19.931 [info] Snippets (Python): No changes found during synchronizing snippets.
2024-06-08 14:13:19.937 [info] Tasks (Python): No changes found during synchronizing tasks.
2024-06-08 14:13:19.995 [info] GlobalState (Python): No changes found during synchronizing ui state.
2024-06-08 14:13:20.083 [info] Extensions (Python): No changes found during synchronizing extensions.
2024-06-08 14:13:20.084 [info] Sync done. Took 1052ms
2024-06-08 14:13:28.108 [info] Auto Sync: Triggered by Activity
2024-06-08 14:13:28.108 [info] Sync started.
2024-06-08 14:13:28.324 [info] Settings: No changes found during synchronizing settings.
2024-06-08 14:13:28.338 [info] Keybindings: No changes found during synchronizing keybindings.
2024-06-08 14:13:28.345 [info] Snippets: No changes found during synchronizing snippets.
2024-06-08 14:13:28.362 [info] Tasks: No changes found during synchronizing tasks.
2024-06-08 14:13:29.441 [info] GlobalState: Updated remote ui state. Updated: workbench.statusbar.hidden,languageStatus.dedicated.
2024-06-08 14:13:29.485 [info] GlobalState: Updated last synchronized ui state
2024-06-08 14:13:29.643 [info] Extensions: No changes found during synchronizing extensions.
2024-06-08 14:13:29.668 [info] Profiles: No changes found during synchronizing profiles.
2024-06-08 14:13:29.694 [info] Syncing profile. Python
2024-06-08 14:13:29.694 [info] Settings (Python): Skipped synchronizing settings as there are conflicts.
2024-06-08 14:13:29.706 [info] Keybindings (Python): No changes found during synchronizing keybindings.
2024-06-08 14:13:29.712 [info] Snippets (Python): No changes found during synchronizing snippets.
2024-06-08 14:13:29.719 [info] Tasks (Python): No changes found during synchronizing tasks.
2024-06-08 14:13:29.792 [info] GlobalState (Python): No changes found during synchronizing ui state.
2024-06-08 14:13:29.889 [info] Extensions (Python): No changes found during synchronizing extensions.
2024-06-08 14:13:29.890 [info] Sync done. Took 1782ms
2024-06-08 14:13:36.657 [info] Auto Sync: Triggered by Activity
2024-06-08 14:13:36.657 [info] Sync started.
2024-06-08 14:13:36.892 [info] Settings: No changes found during synchronizing settings.
2024-06-08 14:13:36.904 [info] Keybindings: No changes found during synchronizing keybindings.
2024-06-08 14:13:36.907 [info] Snippets: No changes found during synchronizing snippets.
2024-06-08 14:13:36.914 [info] Tasks: No changes found during synchronizing tasks.
2024-06-08 14:13:37.917 [info] GlobalState: Updated remote ui state. Updated: workbench.statusbar.hidden,languageStatus.dedicated.
2024-06-08 14:13:37.930 [info] GlobalState: Updated last synchronized ui state
2024-06-08 14:13:38.024 [info] Extensions: No changes found during synchronizing extensions.
2024-06-08 14:13:38.030 [info] Profiles: No changes found during synchronizing profiles.
2024-06-08 14:13:38.039 [info] Syncing profile. Python
2024-06-08 14:13:38.039 [info] Settings (Python): Skipped synchronizing settings as there are conflicts.
2024-06-08 14:13:38.045 [info] Keybindings (Python): No changes found during synchronizing keybindings.
2024-06-08 14:13:38.051 [info] Snippets (Python): No changes found during synchronizing snippets.
2024-06-08 14:13:38.053 [info] Tasks (Python): No changes found during synchronizing tasks.
2024-06-08 14:13:38.108 [info] GlobalState (Python): No changes found during synchronizing ui state.
2024-06-08 14:13:38.204 [info] Extensions (Python): No changes found during synchronizing extensions.
2024-06-08 14:13:38.206 [info] Sync done. Took 1549ms
2024-06-08 14:14:02.634 [info] Auto Sync: Triggered by Activity
2024-06-08 14:14:02.635 [info] Sync started.
2024-06-08 14:14:02.875 [info] Settings: No changes found during synchronizing settings.
2024-06-08 14:14:02.892 [info] Keybindings: No changes found during synchronizing keybindings.
2024-06-08 14:14:02.907 [info] Snippets: No changes found during synchronizing snippets.
2024-06-08 14:14:02.923 [info] Tasks: No changes found during synchronizing tasks.
2024-06-08 14:14:03.376 [info] GlobalState: Updated remote ui state. Updated: workbench.statusbar.hidden,languageStatus.dedicated.
2024-06-08 14:14:03.394 [info] GlobalState: Updated last synchronized ui state
2024-06-08 14:14:03.612 [info] Extensions: No changes found during synchronizing extensions.
2024-06-08 14:14:03.636 [info] Profiles: No changes found during synchronizing profiles.
2024-06-08 14:14:03.642 [info] Syncing profile. Python
2024-06-08 14:14:03.642 [info] Settings (Python): Skipped synchronizing settings as there are conflicts.
2024-06-08 14:14:03.645 [info] Keybindings (Python): No changes found during synchronizing keybindings.
2024-06-08 14:14:03.660 [info] Snippets (Python): No changes found during synchronizing snippets.
2024-06-08 14:14:03.663 [info] Tasks (Python): No changes found during synchronizing tasks.
2024-06-08 14:14:03.736 [info] GlobalState (Python): No changes found during synchronizing ui state.
2024-06-08 14:14:03.875 [info] Extensions (Python): No changes found during synchronizing extensions.
2024-06-08 14:14:03.880 [info] Sync done. Took 1245ms
2024-06-08 14:16:47.058 [info] Auto Sync: Triggered by Activity
2024-06-08 14:16:47.058 [info] Sync started.
2024-06-08 14:16:47.879 [info] Settings: No changes found during synchronizing settings.
2024-06-08 14:16:47.938 [info] Keybindings: No changes found during synchronizing keybindings.
2024-06-08 14:16:47.953 [info] Snippets: No changes found during synchronizing snippets.
2024-06-08 14:16:47.997 [info] Tasks: No changes found during synchronizing tasks.
2024-06-08 14:16:48.539 [info] GlobalState: Updated remote ui state. Updated: recently.opened.
2024-06-08 14:16:48.571 [info] GlobalState: Updated last synchronized ui state
2024-06-08 14:16:48.764 [info] Extensions: No changes found during synchronizing extensions.
2024-06-08 14:16:48.784 [info] Profiles: No changes found during synchronizing profiles.
2024-06-08 14:16:48.796 [info] Syncing profile. Python
2024-06-08 14:16:48.797 [info] Settings (Python): Skipped synchronizing settings as there are conflicts.
2024-06-08 14:16:48.828 [info] Keybindings (Python): No changes found during synchronizing keybindings.
2024-06-08 14:16:48.840 [info] Snippets (Python): No changes found during synchronizing snippets.
2024-06-08 14:16:48.856 [info] Tasks (Python): No changes found during synchronizing tasks.
2024-06-08 14:16:48.983 [info] GlobalState (Python): No changes found during synchronizing ui state.
2024-06-08 14:16:49.166 [info] Extensions (Python): No changes found during synchronizing extensions.
2024-06-08 14:16:49.168 [info] Sync done. Took 2110ms
2024-06-08 14:16:55.528 [info] GlobalState: Last sync data stored locally is not same as the last sync state.
2024-06-08 14:18:56.489 [info] Auto Sync: Triggered by Activity
2024-06-08 14:18:56.489 [info] Sync started.
2024-06-08 14:18:56.644 [info] Settings: Last sync data stored locally is not same as the last sync state.
2024-06-08 14:18:57.003 [info] Settings: No changes found during synchronizing settings.
2024-06-08 14:18:57.026 [info] Settings: Updated last synchronized settings
2024-06-08 14:18:57.058 [info] Keybindings: No changes found during synchronizing keybindings.
2024-06-08 14:18:57.069 [info] Snippets: No changes found during synchronizing snippets.
2024-06-08 14:18:57.083 [info] Tasks: No changes found during synchronizing tasks.
2024-06-08 14:18:57.125 [info] GlobalState: No changes found during synchronizing ui state.
2024-06-08 14:18:57.260 [info] Extensions: No changes found during synchronizing extensions.
2024-06-08 14:18:57.271 [info] Profiles: No changes found during synchronizing profiles.
2024-06-08 14:18:57.279 [info] Syncing profile. Python
2024-06-08 14:18:57.280 [info] Settings (Python): Skipped synchronizing settings as there are conflicts.
2024-06-08 14:18:57.288 [info] Keybindings (Python): No changes found during synchronizing keybindings.
2024-06-08 14:18:57.295 [info] Snippets (Python): No changes found during synchronizing snippets.
2024-06-08 14:18:57.301 [info] Tasks (Python): No changes found during synchronizing tasks.
2024-06-08 14:18:57.557 [info] GlobalState (Python): No changes found during synchronizing ui state.
2024-06-08 14:18:57.660 [info] Extensions (Python): No changes found during synchronizing extensions.
2024-06-08 14:18:57.662 [info] Sync done. Took 1173ms
2024-06-08 14:23:57.708 [info] Auto Sync: Triggered by Interval
2024-06-08 14:23:57.709 [info] Sync started.
2024-06-08 14:23:58.142 [info] Settings: No changes found during synchronizing settings.
2024-06-08 14:23:58.159 [info] Keybindings: No changes found during synchronizing keybindings.
2024-06-08 14:23:58.172 [info] Snippets: No changes found during synchronizing snippets.
2024-06-08 14:23:58.197 [info] Tasks: No changes found during synchronizing tasks.
2024-06-08 14:23:58.240 [info] GlobalState: No changes found during synchronizing ui state.
2024-06-08 14:23:58.452 [info] Extensions: No changes found during synchronizing extensions.
2024-06-08 14:23:58.464 [info] Profiles: No changes found during synchronizing profiles.
2024-06-08 14:23:58.538 [info] Syncing profile. Python
2024-06-08 14:23:58.539 [info] Settings (Python): Skipped synchronizing settings as there are conflicts.
2024-06-08 14:23:58.564 [info] Keybindings (Python): No changes found during synchronizing keybindings.
2024-06-08 14:23:58.594 [info] Snippets (Python): No changes found during synchronizing snippets.
2024-06-08 14:23:58.618 [info] Tasks (Python): No changes found during synchronizing tasks.
2024-06-08 14:23:58.883 [info] GlobalState (Python): No changes found during synchronizing ui state.
2024-06-08 14:23:59.269 [info] Extensions (Python): No changes found during synchronizing extensions.
2024-06-08 14:23:59.270 [info] Sync done. Took 1561ms
2024-06-08 14:28:06.213 [info] Auto Sync: Triggered by Activity
2024-06-08 14:28:06.214 [info] Sync started.
2024-06-08 14:28:06.437 [info] Settings: No changes found during synchronizing settings.
2024-06-08 14:28:06.464 [info] Keybindings: No changes found during synchronizing keybindings.
2024-06-08 14:28:06.475 [info] Snippets: No changes found during synchronizing snippets.
2024-06-08 14:28:06.495 [info] Tasks: No changes found during synchronizing tasks.
2024-06-08 14:28:06.506 [info] GlobalState: Last sync data stored locally is not same as the last sync state.
2024-06-08 14:28:06.912 [info] GlobalState: No changes found during synchronizing ui state.
2024-06-08 14:28:07.050 [info] Extensions: No changes found during synchronizing extensions.
2024-06-08 14:28:07.077 [info] Profiles: No changes found during synchronizing profiles.
2024-06-08 14:28:07.140 [info] Syncing profile. Python
2024-06-08 14:28:07.140 [info] Settings (Python): Skipped synchronizing settings as there are conflicts.
2024-06-08 14:28:07.236 [info] Keybindings (Python): No changes found during synchronizing keybindings.
2024-06-08 14:28:07.350 [info] Snippets (Python): No changes found during synchronizing snippets.
2024-06-08 14:28:07.520 [info] Tasks (Python): No changes found during synchronizing tasks.
2024-06-08 14:28:07.716 [info] GlobalState (Python): No changes found during synchronizing ui state.
2024-06-08 14:28:07.995 [info] Extensions (Python): No changes found during synchronizing extensions.
2024-06-08 14:28:07.997 [info] Sync done. Took 1782ms
2024-06-08 14:32:14.143 [info] Auto Sync: Triggered by Activity
2024-06-08 14:32:14.143 [info] Sync started.
2024-06-08 14:32:14.379 [info] Settings: No changes found during synchronizing settings.
2024-06-08 14:32:14.425 [info] Keybindings: No changes found during synchronizing keybindings.
2024-06-08 14:32:14.453 [info] Snippets: No changes found during synchronizing snippets.
2024-06-08 14:32:14.481 [info] Tasks: No changes found during synchronizing tasks.
2024-06-08 14:32:14.879 [info] Request failed {"url":"https://vscode-sync.trafficmanager.net/v1/resource/globalState","status":412,"execution-id":"788623e5-1e60-457e-8bb9-9936c026a852"} Precondition failed
2024-06-08 14:32:14.879 [info] GlobalState: Failed to synchronize as there is a new remote version available. Synchronizing again...
2024-06-08 14:32:16.186 [info] GlobalState: Updated remote ui state. Updated: recently.opened.
2024-06-08 14:32:16.209 [info] GlobalState: Updated last synchronized ui state
2024-06-08 14:32:16.413 [info] Extensions: No changes found during synchronizing extensions.
2024-06-08 14:32:16.437 [info] Profiles: No changes found during synchronizing profiles.
2024-06-08 14:32:16.441 [info] Syncing profile. Python
2024-06-08 14:32:16.442 [info] Settings (Python): Skipped synchronizing settings as there are conflicts.
2024-06-08 14:32:16.456 [info] Keybindings (Python): No changes found during synchronizing keybindings.
2024-06-08 14:32:16.468 [info] Snippets (Python): No changes found during synchronizing snippets.
2024-06-08 14:32:16.482 [info] Tasks (Python): No changes found during synchronizing tasks.
2024-06-08 14:32:16.630 [info] GlobalState (Python): No changes found during synchronizing ui state.
2024-06-08 14:32:17.129 [info] Extensions (Python): No changes found during synchronizing extensions.
2024-06-08 14:32:17.130 [info] Sync done. Took 2986ms
2024-06-08 14:32:18.443 [info] GlobalState: Last sync data stored locally is not same as the last sync state.
2024-06-08 14:32:22.622 [info] Auto Sync: Triggered by Activity
2024-06-08 14:32:22.622 [info] Sync started.
2024-06-08 14:32:23.144 [info] Settings: No changes found during synchronizing settings.
2024-06-08 14:32:23.223 [info] Keybindings: No changes found during synchronizing keybindings.
2024-06-08 14:32:23.274 [info] Snippets: No changes found during synchronizing snippets.
2024-06-08 14:32:23.425 [info] Tasks: No changes found during synchronizing tasks.
2024-06-08 14:32:24.376 [info] GlobalState: No changes found during synchronizing ui state.
2024-06-08 14:32:24.418 [info] GlobalState: Updated last synchronized ui state
2024-06-08 14:32:24.750 [info] Extensions: No changes found during synchronizing extensions.
2024-06-08 14:32:24.838 [info] Profiles: No changes found during synchronizing profiles.
2024-06-08 14:32:24.924 [info] Syncing profile. Python
2024-06-08 14:32:24.925 [info] Settings (Python): Skipped synchronizing settings as there are conflicts.
2024-06-08 14:32:25.066 [info] Keybindings (Python): No changes found during synchronizing keybindings.
2024-06-08 14:32:25.165 [info] Snippets (Python): No changes found during synchronizing snippets.
2024-06-08 14:32:25.209 [info] Tasks (Python): No changes found during synchronizing tasks.
2024-06-08 14:32:27.747 [info] GlobalState (Python): No changes found during synchronizing ui state.
2024-06-08 14:32:28.186 [info] Extensions (Python): No changes found during synchronizing extensions.
2024-06-08 14:32:28.187 [info] Sync done. Took 5565ms
2024-06-08 14:33:59.233 [info] Auto Sync: Triggered by Activity
2024-06-08 14:33:59.234 [info] Sync started.
2024-06-08 14:33:59.497 [info] Settings: No changes found during synchronizing settings.
2024-06-08 14:33:59.533 [info] Keybindings: No changes found during synchronizing keybindings.
2024-06-08 14:33:59.557 [info] Snippets: No changes found during synchronizing snippets.
2024-06-08 14:33:59.577 [info] Tasks: No changes found during synchronizing tasks.
2024-06-08 14:34:00.043 [info] GlobalState: Updated remote ui state. Updated: workbench.statusbar.hidden,languageStatus.dedicated.
2024-06-08 14:34:00.077 [info] GlobalState: Updated last synchronized ui state
2024-06-08 14:34:00.293 [info] Extensions: No changes found during synchronizing extensions.
2024-06-08 14:34:00.312 [info] Profiles: No changes found during synchronizing profiles.
2024-06-08 14:34:00.322 [info] Syncing profile. Python
2024-06-08 14:34:00.322 [info] Settings (Python): Skipped synchronizing settings as there are conflicts.
2024-06-08 14:34:00.348 [info] Keybindings (Python): No changes found during synchronizing keybindings.
2024-06-08 14:34:00.364 [info] Snippets (Python): No changes found during synchronizing snippets.
2024-06-08 14:34:00.374 [info] Tasks (Python): No changes found during synchronizing tasks.
2024-06-08 14:34:00.485 [info] GlobalState (Python): No changes found during synchronizing ui state.
2024-06-08 14:34:00.640 [info] Extensions (Python): No changes found during synchronizing extensions.
2024-06-08 14:34:00.641 [info] Sync done. Took 1407ms
2024-06-08 14:36:10.268 [info] Auto Sync: Triggered by Activity
2024-06-08 14:36:10.268 [info] Sync started.
2024-06-08 14:36:10.485 [info] Settings: No changes found during synchronizing settings.
2024-06-08 14:36:10.524 [info] Keybindings: No changes found during synchronizing keybindings.
2024-06-08 14:36:10.537 [info] Snippets: No changes found during synchronizing snippets.
2024-06-08 14:36:10.550 [info] Tasks: No changes found during synchronizing tasks.
2024-06-08 14:36:10.988 [info] GlobalState: Updated remote ui state. Updated: workbench.statusbar.hidden,languageStatus.dedicated.
2024-06-08 14:36:11.082 [info] GlobalState: Updated last synchronized ui state
2024-06-08 14:36:11.266 [info] Extensions: No changes found during synchronizing extensions.
2024-06-08 14:36:11.285 [info] Profiles: No changes found during synchronizing profiles.
2024-06-08 14:36:11.290 [info] Syncing profile. Python
2024-06-08 14:36:11.290 [info] Settings (Python): Skipped synchronizing settings as there are conflicts.
2024-06-08 14:36:11.307 [info] Keybindings (Python): No changes found during synchronizing keybindings.
2024-06-08 14:36:11.320 [info] Snippets (Python): No changes found during synchronizing snippets.
2024-06-08 14:36:11.333 [info] Tasks (Python): No changes found during synchronizing tasks.
2024-06-08 14:36:11.464 [info] GlobalState (Python): No changes found during synchronizing ui state.
2024-06-08 14:36:11.893 [info] Extensions (Python): No changes found during synchronizing extensions.
2024-06-08 14:36:11.898 [info] Sync done. Took 1630ms
2024-06-08 14:41:06.405 [info] Auto Sync: Triggered by Activity
2024-06-08 14:41:06.405 [info] Sync started.
2024-06-08 14:41:06.547 [info] Settings: No changes found during synchronizing settings.
2024-06-08 14:41:06.556 [info] Keybindings: No changes found during synchronizing keybindings.
2024-06-08 14:41:06.562 [info] Snippets: No changes found during synchronizing snippets.
2024-06-08 14:41:06.567 [info] Tasks: No changes found during synchronizing tasks.
2024-06-08 14:41:06.573 [info] GlobalState: Last sync data stored locally is not same as the last sync state.
2024-06-08 14:41:06.836 [info] GlobalState: No changes found during synchronizing ui state.
2024-06-08 14:41:06.919 [info] Extensions: No changes found during synchronizing extensions.
2024-06-08 14:41:06.928 [info] Profiles: No changes found during synchronizing profiles.
2024-06-08 14:41:06.931 [info] Syncing profile. Python
2024-06-08 14:41:06.931 [info] Settings (Python): Skipped synchronizing settings as there are conflicts.
2024-06-08 14:41:06.934 [info] Keybindings (Python): No changes found during synchronizing keybindings.
2024-06-08 14:41:06.941 [info] Snippets (Python): No changes found during synchronizing snippets.
2024-06-08 14:41:06.945 [info] Tasks (Python): No changes found during synchronizing tasks.
2024-06-08 14:41:07.005 [info] GlobalState (Python): No changes found during synchronizing ui state.
2024-06-08 14:41:07.199 [info] Extensions (Python): No changes found during synchronizing extensions.
2024-06-08 14:41:07.203 [info] Sync done. Took 798ms
2024-06-08 14:46:07.270 [info] Auto Sync: Triggered by Interval
2024-06-08 14:46:07.270 [info] Sync started.
2024-06-08 14:46:07.427 [info] Settings: No changes found during synchronizing settings.
2024-06-08 14:46:07.441 [info] Keybindings: No changes found during synchronizing keybindings.
2024-06-08 14:46:07.445 [info] Snippets: No changes found during synchronizing snippets.
2024-06-08 14:46:07.450 [info] Tasks: No changes found during synchronizing tasks.
2024-06-08 14:46:07.469 [info] GlobalState: No changes found during synchronizing ui state.
2024-06-08 14:46:07.541 [info] Extensions: No changes found during synchronizing extensions.
2024-06-08 14:46:07.549 [info] Profiles: No changes found during synchronizing profiles.
2024-06-08 14:46:07.552 [info] Syncing profile. Python
2024-06-08 14:46:07.552 [info] Settings (Python): Skipped synchronizing settings as there are conflicts.
2024-06-08 14:46:07.555 [info] Keybindings (Python): No changes found during synchronizing keybindings.
2024-06-08 14:46:07.565 [info] Snippets (Python): No changes found during synchronizing snippets.
2024-06-08 14:46:07.569 [info] Tasks (Python): No changes found during synchronizing tasks.
2024-06-08 14:46:07.622 [info] GlobalState (Python): No changes found during synchronizing ui state.
2024-06-08 14:46:07.748 [info] Extensions (Python): No changes found during synchronizing extensions.
2024-06-08 14:46:07.749 [info] Sync done. Took 479ms
2024-06-08 14:46:19.129 [info] Auto Sync: Triggered by Activity
2024-06-08 14:46:19.129 [info] Sync started.
2024-06-08 14:46:19.259 [info] Settings: Last sync data stored locally is not same as the last sync state.
2024-06-08 14:46:19.597 [info] Settings: No changes found during synchronizing settings.
2024-06-08 14:46:19.637 [info] Keybindings: No changes found during synchronizing keybindings.
2024-06-08 14:46:19.654 [info] Snippets: No changes found during synchronizing snippets.
2024-06-08 14:46:19.708 [info] Tasks: No changes found during synchronizing tasks.
2024-06-08 14:46:19.771 [info] GlobalState: No changes found during synchronizing ui state.
2024-06-08 14:46:19.913 [info] Extensions: No changes found during synchronizing extensions.
2024-06-08 14:46:19.928 [info] Profiles: No changes found during synchronizing profiles.
2024-06-08 14:46:19.948 [info] Syncing profile. Python
2024-06-08 14:46:19.948 [info] Settings (Python): Skipped synchronizing settings as there are conflicts.
2024-06-08 14:46:20.033 [info] Keybindings (Python): No changes found during synchronizing keybindings.
2024-06-08 14:46:20.084 [info] Snippets (Python): No changes found during synchronizing snippets.
2024-06-08 14:46:20.126 [info] Tasks (Python): No changes found during synchronizing tasks.
2024-06-08 14:46:20.533 [info] GlobalState (Python): No changes found during synchronizing ui state.
2024-06-08 14:46:20.671 [info] Extensions (Python): No changes found during synchronizing extensions.
2024-06-08 14:46:20.672 [info] Sync done. Took 1543ms
2024-06-08 14:46:27.918 [info] Auto Sync: Triggered by Activity
2024-06-08 14:46:27.918 [info] Sync started.
2024-06-08 14:46:28.103 [info] Settings: No changes found during synchronizing settings.
2024-06-08 14:46:28.118 [info] Keybindings: No changes found during synchronizing keybindings.
2024-06-08 14:46:28.125 [info] Snippets: No changes found during synchronizing snippets.
2024-06-08 14:46:28.134 [info] Tasks: No changes found during synchronizing tasks.
2024-06-08 14:46:28.141 [info] GlobalState: Last sync data stored locally is not same as the last sync state.
2024-06-08 14:46:28.516 [info] GlobalState: No changes found during synchronizing ui state.
2024-06-08 14:46:28.615 [info] Extensions: No changes found during synchronizing extensions.
2024-06-08 14:46:28.622 [info] Profiles: No changes found during synchronizing profiles.
2024-06-08 14:46:28.624 [info] Syncing profile. Python
2024-06-08 14:46:28.624 [info] Settings (Python): Skipped synchronizing settings as there are conflicts.
2024-06-08 14:46:28.631 [info] Keybindings (Python): No changes found during synchronizing keybindings.
2024-06-08 14:46:28.637 [info] Snippets (Python): No changes found during synchronizing snippets.
2024-06-08 14:46:28.642 [info] Tasks (Python): No changes found during synchronizing tasks.
2024-06-08 14:46:28.697 [info] GlobalState (Python): No changes found during synchronizing ui state.
2024-06-08 14:46:28.816 [info] Extensions (Python): No changes found during synchronizing extensions.
2024-06-08 14:46:28.818 [info] Sync done. Took 900ms
2024-06-08 14:46:34.260 [info] Auto Sync: Triggered by Activity
2024-06-08 14:46:34.266 [info] Sync started.
2024-06-08 14:46:34.596 [info] Settings: No changes found during synchronizing settings.
2024-06-08 14:46:34.621 [info] Keybindings: No changes found during synchronizing keybindings.
2024-06-08 14:46:34.630 [info] Snippets: No changes found during synchronizing snippets.
2024-06-08 14:46:34.687 [info] Tasks: No changes found during synchronizing tasks.
2024-06-08 14:46:34.703 [info] GlobalState: Last sync data stored locally is not same as the last sync state.
2024-06-08 14:46:35.033 [info] GlobalState: No changes found during synchronizing ui state.
2024-06-08 14:46:35.203 [info] Extensions: No changes found during synchronizing extensions.
2024-06-08 14:46:35.219 [info] Profiles: No changes found during synchronizing profiles.
2024-06-08 14:46:35.227 [info] Syncing profile. Python
2024-06-08 14:46:35.227 [info] Settings (Python): Skipped synchronizing settings as there are conflicts.
2024-06-08 14:46:35.245 [info] Keybindings (Python): No changes found during synchronizing keybindings.
2024-06-08 14:46:35.257 [info] Snippets (Python): No changes found during synchronizing snippets.
2024-06-08 14:46:35.262 [info] Tasks (Python): No changes found during synchronizing tasks.
2024-06-08 14:46:35.343 [info] GlobalState (Python): No changes found during synchronizing ui state.
2024-06-08 14:46:35.469 [info] Extensions (Python): No changes found during synchronizing extensions.
2024-06-08 14:46:35.470 [info] Sync done. Took 1204ms
2024-06-08 14:48:43.059 [info] Auto Sync: Triggered by Activity
2024-06-08 14:48:43.059 [info] Sync started.
2024-06-08 14:48:43.296 [info] Settings: Last sync data stored locally is not same as the last sync state.
2024-06-08 14:48:43.719 [info] Settings: No changes found during synchronizing settings.
2024-06-08 14:48:43.733 [info] Keybindings: No changes found during synchronizing keybindings.
2024-06-08 14:48:43.743 [info] Snippets: No changes found during synchronizing snippets.
2024-06-08 14:48:43.766 [info] Tasks: No changes found during synchronizing tasks.
2024-06-08 14:48:43.797 [info] GlobalState: No changes found during synchronizing ui state.
2024-06-08 14:48:43.933 [info] Extensions: No changes found during synchronizing extensions.
2024-06-08 14:48:43.940 [info] Profiles: No changes found during synchronizing profiles.
2024-06-08 14:48:43.947 [info] Syncing profile. Python
2024-06-08 14:48:43.947 [info] Settings (Python): Skipped synchronizing settings as there are conflicts.
2024-06-08 14:48:44.181 [info] Keybindings (Python): No changes found during synchronizing keybindings.
2024-06-08 14:48:44.256 [info] Snippets (Python): No changes found during synchronizing snippets.
2024-06-08 14:48:44.333 [info] Tasks (Python): No changes found during synchronizing tasks.
2024-06-08 14:48:44.419 [info] GlobalState (Python): No changes found during synchronizing ui state.
2024-06-08 14:48:44.565 [info] Extensions (Python): No changes found during synchronizing extensions.
2024-06-08 14:48:44.566 [info] Sync done. Took 1507ms
2024-06-08 14:50:09.189 [info] Auto Sync: Triggered by Activity
2024-06-08 14:50:09.189 [info] Sync started.
2024-06-08 14:50:09.413 [info] Settings: No changes found during synchronizing settings.
2024-06-08 14:50:09.429 [info] Keybindings: No changes found during synchronizing keybindings.
2024-06-08 14:50:09.438 [info] Snippets: No changes found during synchronizing snippets.
2024-06-08 14:50:09.451 [info] Tasks: No changes found during synchronizing tasks.
2024-06-08 14:50:09.487 [info] GlobalState: No changes found during synchronizing ui state.
2024-06-08 14:50:09.581 [info] Extensions: No changes found during synchronizing extensions.
2024-06-08 14:50:09.590 [info] Profiles: No changes found during synchronizing profiles.
2024-06-08 14:50:09.599 [info] Syncing profile. Python
2024-06-08 14:50:09.599 [info] Settings (Python): Skipped synchronizing settings as there are conflicts.
2024-06-08 14:50:09.605 [info] Keybindings (Python): No changes found during synchronizing keybindings.
2024-06-08 14:50:09.613 [info] Snippets (Python): No changes found during synchronizing snippets.
2024-06-08 14:50:09.617 [info] Tasks (Python): No changes found during synchronizing tasks.
2024-06-08 14:50:09.670 [info] GlobalState (Python): No changes found during synchronizing ui state.
2024-06-08 14:50:09.753 [info] Extensions (Python): No changes found during synchronizing extensions.
2024-06-08 14:50:09.754 [info] Sync done. Took 565ms
