2024-06-08 10:10:12.498 [info] Using settings sync service https://vscode-sync.trafficmanager.net/
2024-06-08 10:10:12.498 [info] Auto Sync is enabled.
2024-06-08 10:10:12.499 [info] Auto Sync: Suspended until auth token is available.
2024-06-08 10:10:15.596 [info] Auto Sync: Triggered by Interval
2024-06-08 10:10:15.596 [info] Sync started.
2024-06-08 10:10:16.834 [info] Settings: Last sync resource does not exist locally.
2024-06-08 10:10:17.293 [info] Settings: No changes found during synchronizing settings.
2024-06-08 10:10:17.310 [info] Keybindings: Last sync resource does not exist locally.
2024-06-08 10:10:18.081 [info] Keybindings: No changes found during synchronizing keybindings.
2024-06-08 10:10:18.100 [info] Snippets: Last sync resource does not exist locally.
2024-06-08 10:10:18.579 [info] Snippets: No changes found during synchronizing snippets.
2024-06-08 10:10:18.620 [info] Tasks: Last sync resource does not exist locally.
2024-06-08 10:10:18.941 [info] Tasks: No changes found during synchronizing tasks.
2024-06-08 10:10:18.962 [info] Profiles: Last sync resource does not exist locally.
2024-06-08 10:10:18.964 [info] GlobalState: Last sync resource does not exist locally.
2024-06-08 10:10:19.525 [info] Removing last sync state for stale profile: 33873a5b-e9de-44a3-aee9-0334b185a773
2024-06-08 10:10:19.527 [info] Removing last sync state for stale profile: 33873a5b-e9de-44a3-aee9-0334b185a773
2024-06-08 10:10:19.529 [info] Removing last sync state for stale profile: 33873a5b-e9de-44a3-aee9-0334b185a773
2024-06-08 10:10:19.530 [info] Removing last sync state for stale profile: 33873a5b-e9de-44a3-aee9-0334b185a773
2024-06-08 10:10:19.530 [info] Removing last sync state for stale profile: 33873a5b-e9de-44a3-aee9-0334b185a773
2024-06-08 10:10:19.533 [info] Removing last sync state for stale profile: 33873a5b-e9de-44a3-aee9-0334b185a773
2024-06-08 10:10:20.524 [info] GlobalState: No changes found during synchronizing ui state.
2024-06-08 10:10:20.666 [info] GlobalState: Updated last synchronized ui state
2024-06-08 10:10:20.737 [info] Extensions: Last sync resource does not exist locally.
2024-06-08 10:10:22.647 [info] Extensions: No changes found during synchronizing extensions.
2024-06-08 10:10:22.658 [info] Profiles: No changes found during synchronizing profiles.
2024-06-08 10:10:22.731 [info] Syncing profile. Python
2024-06-08 10:10:22.822 [info] Settings (Python): Migrating last sync user data. Resource does not exist.
2024-06-08 10:10:22.822 [info] Settings (Python): Last sync data state does not exist.
2024-06-08 10:10:23.306 [info] Settings (Python): Detected conflicts while synchronizing settings.
2024-06-08 10:10:23.405 [info] Keybindings (Python): Last sync resource does not exist locally.
2024-06-08 10:10:24.070 [info] Keybindings (Python): No changes found during synchronizing keybindings.
2024-06-08 10:10:24.110 [info] Snippets (Python): Last sync resource does not exist locally.
2024-06-08 10:10:24.411 [info] Snippets (Python): No changes found during synchronizing snippets.
2024-06-08 10:10:24.487 [info] Tasks (Python): Last sync resource does not exist locally.
2024-06-08 10:10:24.831 [info] Tasks (Python): No changes found during synchronizing tasks.
2024-06-08 10:10:24.839 [info] GlobalState (Python): Last sync resource does not exist locally.
2024-06-08 10:10:25.768 [info] GlobalState (Python): No changes found during synchronizing ui state.
2024-06-08 10:10:25.775 [info] Extensions (Python): Last sync resource does not exist locally.
2024-06-08 10:10:26.240 [info] Extensions (Python): No changes found during synchronizing extensions.
2024-06-08 10:10:26.241 [info] Sync done. Took 10645ms
2024-06-08 10:10:36.691 [info] Auto Sync: Triggered by Activity
2024-06-08 10:10:36.696 [info] Sync started.
2024-06-08 10:10:37.169 [info] Settings: No changes found during synchronizing settings.
2024-06-08 10:10:37.209 [info] Keybindings: No changes found during synchronizing keybindings.
2024-06-08 10:10:37.225 [info] Snippets: No changes found during synchronizing snippets.
2024-06-08 10:10:37.241 [info] Tasks: No changes found during synchronizing tasks.
2024-06-08 10:10:37.296 [info] GlobalState: No changes found during synchronizing ui state.
2024-06-08 10:10:37.447 [info] Extensions: No changes found during synchronizing extensions.
2024-06-08 10:10:37.461 [info] Profiles: No changes found during synchronizing profiles.
2024-06-08 10:10:37.469 [info] Syncing profile. Python
2024-06-08 10:10:37.470 [info] Settings (Python): Skipped synchronizing settings as there are conflicts.
2024-06-08 10:10:37.497 [info] Keybindings (Python): No changes found during synchronizing keybindings.
2024-06-08 10:10:37.515 [info] Snippets (Python): No changes found during synchronizing snippets.
2024-06-08 10:10:37.539 [info] Tasks (Python): No changes found during synchronizing tasks.
2024-06-08 10:10:37.649 [info] GlobalState (Python): No changes found during synchronizing ui state.
2024-06-08 10:10:37.934 [info] Extensions (Python): No changes found during synchronizing extensions.
2024-06-08 10:10:37.935 [info] Sync done. Took 1239ms
2024-06-08 10:15:38.815 [info] Auto Sync: Triggered by Interval
2024-06-08 10:15:38.815 [info] Sync started.
2024-06-08 10:15:39.093 [info] Settings: No changes found during synchronizing settings.
2024-06-08 10:15:39.113 [info] Keybindings: No changes found during synchronizing keybindings.
2024-06-08 10:15:39.120 [info] Snippets: No changes found during synchronizing snippets.
2024-06-08 10:15:39.129 [info] Tasks: No changes found during synchronizing tasks.
2024-06-08 10:15:39.154 [info] GlobalState: No changes found during synchronizing ui state.
2024-06-08 10:15:39.245 [info] Extensions: No changes found during synchronizing extensions.
2024-06-08 10:15:39.253 [info] Profiles: No changes found during synchronizing profiles.
2024-06-08 10:15:39.255 [info] Syncing profile. Python
2024-06-08 10:15:39.255 [info] Settings (Python): Skipped synchronizing settings as there are conflicts.
2024-06-08 10:15:39.258 [info] Keybindings (Python): No changes found during synchronizing keybindings.
2024-06-08 10:15:39.269 [info] Snippets (Python): No changes found during synchronizing snippets.
2024-06-08 10:15:39.273 [info] Tasks (Python): No changes found during synchronizing tasks.
2024-06-08 10:15:39.347 [info] GlobalState (Python): No changes found during synchronizing ui state.
2024-06-08 10:15:39.456 [info] Extensions (Python): No changes found during synchronizing extensions.
2024-06-08 10:15:39.457 [info] Sync done. Took 642ms
2024-06-08 10:16:25.936 [info] Auto Sync: Triggered by Activity
2024-06-08 10:16:25.936 [info] Sync started.
2024-06-08 10:16:26.323 [info] Settings: No changes found during synchronizing settings.
2024-06-08 10:16:26.341 [info] Keybindings: No changes found during synchronizing keybindings.
2024-06-08 10:16:26.358 [info] Snippets: No changes found during synchronizing snippets.
2024-06-08 10:16:26.370 [info] Tasks: No changes found during synchronizing tasks.
2024-06-08 10:16:26.416 [info] GlobalState: No changes found during synchronizing ui state.
2024-06-08 10:16:26.539 [info] Extensions: No changes found during synchronizing extensions.
2024-06-08 10:16:26.552 [info] Profiles: No changes found during synchronizing profiles.
2024-06-08 10:16:26.559 [info] Syncing profile. Python
2024-06-08 10:16:26.560 [info] Settings (Python): Skipped synchronizing settings as there are conflicts.
2024-06-08 10:16:26.568 [info] Keybindings (Python): No changes found during synchronizing keybindings.
2024-06-08 10:16:26.581 [info] Snippets (Python): No changes found during synchronizing snippets.
2024-06-08 10:16:26.588 [info] Tasks (Python): No changes found during synchronizing tasks.
2024-06-08 10:16:26.676 [info] GlobalState (Python): No changes found during synchronizing ui state.
2024-06-08 10:16:26.849 [info] Extensions (Python): No changes found during synchronizing extensions.
2024-06-08 10:16:26.851 [info] Sync done. Took 914ms
2024-06-08 10:16:37.706 [info] Auto Sync: Triggered by Activity
2024-06-08 10:16:37.706 [info] Sync started.
2024-06-08 10:16:38.294 [info] Settings: No changes found during synchronizing settings.
2024-06-08 10:16:38.363 [info] Keybindings: No changes found during synchronizing keybindings.
2024-06-08 10:16:38.379 [info] Snippets: No changes found during synchronizing snippets.
2024-06-08 10:16:38.441 [info] Tasks: No changes found during synchronizing tasks.
2024-06-08 10:16:38.516 [info] GlobalState: No changes found during synchronizing ui state.
2024-06-08 10:16:38.759 [info] Extensions: No changes found during synchronizing extensions.
2024-06-08 10:16:38.850 [info] Profiles: No changes found during synchronizing profiles.
2024-06-08 10:16:38.862 [info] Syncing profile. Python
2024-06-08 10:16:38.862 [info] Settings (Python): Skipped synchronizing settings as there are conflicts.
2024-06-08 10:16:38.891 [info] Keybindings (Python): No changes found during synchronizing keybindings.
2024-06-08 10:16:38.919 [info] Snippets (Python): No changes found during synchronizing snippets.
2024-06-08 10:16:38.944 [info] Tasks (Python): No changes found during synchronizing tasks.
2024-06-08 10:16:39.036 [info] GlobalState (Python): No changes found during synchronizing ui state.
2024-06-08 10:16:39.456 [info] Extensions (Python): No changes found during synchronizing extensions.
2024-06-08 10:16:39.461 [info] Sync done. Took 1755ms
2024-06-08 10:21:39.796 [info] Auto Sync: Triggered by Interval
2024-06-08 10:21:39.797 [info] Sync started.
2024-06-08 10:21:42.646 [info] Settings: No changes found during synchronizing settings.
2024-06-08 10:21:42.840 [info] Keybindings: No changes found during synchronizing keybindings.
2024-06-08 10:21:42.880 [info] Snippets: No changes found during synchronizing snippets.
2024-06-08 10:21:42.905 [info] Tasks: No changes found during synchronizing tasks.
2024-06-08 10:21:42.961 [info] GlobalState: No changes found during synchronizing ui state.
2024-06-08 10:21:43.175 [info] Extensions: No changes found during synchronizing extensions.
2024-06-08 10:21:43.214 [info] Profiles: No changes found during synchronizing profiles.
2024-06-08 10:21:43.237 [info] Syncing profile. Python
2024-06-08 10:21:43.237 [info] Settings (Python): Skipped synchronizing settings as there are conflicts.
2024-06-08 10:21:43.242 [info] Keybindings (Python): No changes found during synchronizing keybindings.
2024-06-08 10:21:43.264 [info] Snippets (Python): No changes found during synchronizing snippets.
2024-06-08 10:21:43.466 [info] Tasks (Python): No changes found during synchronizing tasks.
2024-06-08 10:21:43.581 [info] GlobalState (Python): No changes found during synchronizing ui state.
2024-06-08 10:21:43.779 [info] Extensions (Python): No changes found during synchronizing extensions.
2024-06-08 10:21:43.785 [info] Sync done. Took 3988ms
2024-06-08 10:22:00.543 [info] Auto Sync: Triggered by Activity
2024-06-08 10:22:00.545 [info] Sync started.
2024-06-08 10:22:01.530 [info] Settings: No changes found during synchronizing settings.
2024-06-08 10:22:01.621 [info] Keybindings: No changes found during synchronizing keybindings.
2024-06-08 10:22:01.646 [info] Snippets: No changes found during synchronizing snippets.
2024-06-08 10:22:01.704 [info] Tasks: No changes found during synchronizing tasks.
2024-06-08 10:22:02.793 [info] GlobalState: Updated remote ui state. Updated: recently.opened.
2024-06-08 10:22:02.861 [info] GlobalState: Updated last synchronized ui state
2024-06-08 10:22:03.389 [info] Extensions: No changes found during synchronizing extensions.
2024-06-08 10:22:03.456 [info] Profiles: No changes found during synchronizing profiles.
2024-06-08 10:22:03.494 [info] Syncing profile. Python
2024-06-08 10:22:03.494 [info] Settings (Python): Skipped synchronizing settings as there are conflicts.
2024-06-08 10:22:03.529 [info] Keybindings (Python): No changes found during synchronizing keybindings.
2024-06-08 10:22:03.632 [info] Snippets (Python): No changes found during synchronizing snippets.
2024-06-08 10:22:03.714 [info] Tasks (Python): No changes found during synchronizing tasks.
2024-06-08 10:22:04.037 [info] GlobalState (Python): No changes found during synchronizing ui state.
2024-06-08 10:22:04.469 [info] Extensions (Python): No changes found during synchronizing extensions.
2024-06-08 10:22:04.470 [info] Sync done. Took 3925ms
2024-06-08 10:22:07.397 [info] Auto Sync: Triggered by Activity
2024-06-08 10:22:07.398 [info] Sync started.
2024-06-08 10:22:08.979 [info] Settings: No changes found during synchronizing settings.
2024-06-08 10:22:09.150 [info] Keybindings: No changes found during synchronizing keybindings.
2024-06-08 10:22:09.172 [info] Snippets: No changes found during synchronizing snippets.
2024-06-08 10:22:09.191 [info] Tasks: No changes found during synchronizing tasks.
2024-06-08 10:22:15.532 [info] GlobalState: Updated remote ui state. Updated: recently.opened.
2024-06-08 10:22:18.564 [info] GlobalState: Updated last synchronized ui state
2024-06-08 10:22:19.213 [info] Extensions: No changes found during synchronizing extensions.
2024-06-08 10:22:19.284 [info] Profiles: No changes found during synchronizing profiles.
2024-06-08 10:22:19.295 [info] Syncing profile. Python
2024-06-08 10:22:19.296 [info] Settings (Python): Skipped synchronizing settings as there are conflicts.
2024-06-08 10:22:19.379 [info] Keybindings (Python): No changes found during synchronizing keybindings.
2024-06-08 10:22:19.407 [info] Snippets (Python): No changes found during synchronizing snippets.
2024-06-08 10:22:19.426 [info] Tasks (Python): No changes found during synchronizing tasks.
2024-06-08 10:22:20.093 [info] GlobalState (Python): No changes found during synchronizing ui state.
2024-06-08 10:22:20.436 [info] Extensions (Python): No changes found during synchronizing extensions.
2024-06-08 10:22:20.437 [info] Sync done. Took 13039ms
2024-06-08 10:27:20.474 [info] Auto Sync: Triggered by Interval
2024-06-08 10:27:20.474 [info] Sync started.
2024-06-08 10:27:20.948 [info] Settings: No changes found during synchronizing settings.
2024-06-08 10:27:20.964 [info] Keybindings: No changes found during synchronizing keybindings.
2024-06-08 10:27:20.979 [info] Snippets: No changes found during synchronizing snippets.
2024-06-08 10:27:21.003 [info] Tasks: No changes found during synchronizing tasks.
2024-06-08 10:27:21.039 [info] GlobalState: No changes found during synchronizing ui state.
2024-06-08 10:27:21.266 [info] Extensions: No changes found during synchronizing extensions.
2024-06-08 10:27:21.291 [info] Profiles: No changes found during synchronizing profiles.
2024-06-08 10:27:21.312 [info] Syncing profile. Python
2024-06-08 10:27:21.313 [info] Settings (Python): Skipped synchronizing settings as there are conflicts.
2024-06-08 10:27:21.326 [info] Keybindings (Python): No changes found during synchronizing keybindings.
2024-06-08 10:27:21.352 [info] Snippets (Python): No changes found during synchronizing snippets.
2024-06-08 10:27:21.371 [info] Tasks (Python): No changes found during synchronizing tasks.
2024-06-08 10:27:21.517 [info] GlobalState (Python): No changes found during synchronizing ui state.
2024-06-08 10:27:21.808 [info] Extensions (Python): No changes found during synchronizing extensions.
2024-06-08 10:27:21.809 [info] Sync done. Took 1335ms
2024-06-08 10:32:21.850 [info] Auto Sync: Triggered by Interval
2024-06-08 10:32:21.850 [info] Sync started.
2024-06-08 10:32:22.442 [info] Settings: No changes found during synchronizing settings.
2024-06-08 10:32:22.467 [info] Keybindings: No changes found during synchronizing keybindings.
2024-06-08 10:32:22.485 [info] Snippets: No changes found during synchronizing snippets.
2024-06-08 10:32:22.506 [info] Tasks: No changes found during synchronizing tasks.
2024-06-08 10:32:22.533 [info] GlobalState: No changes found during synchronizing ui state.
2024-06-08 10:32:22.631 [info] Extensions: No changes found during synchronizing extensions.
2024-06-08 10:32:22.642 [info] Profiles: No changes found during synchronizing profiles.
2024-06-08 10:32:22.646 [info] Syncing profile. Python
2024-06-08 10:32:22.647 [info] Settings (Python): Skipped synchronizing settings as there are conflicts.
2024-06-08 10:32:22.653 [info] Keybindings (Python): No changes found during synchronizing keybindings.
2024-06-08 10:32:22.661 [info] Snippets (Python): No changes found during synchronizing snippets.
2024-06-08 10:32:22.666 [info] Tasks (Python): No changes found during synchronizing tasks.
2024-06-08 10:32:22.723 [info] GlobalState (Python): No changes found during synchronizing ui state.
2024-06-08 10:32:22.854 [info] Extensions (Python): No changes found during synchronizing extensions.
2024-06-08 10:32:22.867 [info] Sync done. Took 1017ms
2024-06-08 10:37:22.896 [info] Auto Sync: Triggered by Interval
2024-06-08 10:37:22.896 [info] Sync started.
2024-06-08 10:37:23.196 [info] Settings: No changes found during synchronizing settings.
2024-06-08 10:37:23.216 [info] Keybindings: No changes found during synchronizing keybindings.
2024-06-08 10:37:23.228 [info] Snippets: No changes found during synchronizing snippets.
2024-06-08 10:37:23.240 [info] Tasks: No changes found during synchronizing tasks.
2024-06-08 10:37:23.267 [info] GlobalState: No changes found during synchronizing ui state.
2024-06-08 10:37:23.370 [info] Extensions: No changes found during synchronizing extensions.
2024-06-08 10:37:23.383 [info] Profiles: No changes found during synchronizing profiles.
2024-06-08 10:37:23.387 [info] Syncing profile. Python
2024-06-08 10:37:23.388 [info] Settings (Python): Skipped synchronizing settings as there are conflicts.
2024-06-08 10:37:23.402 [info] Keybindings (Python): No changes found during synchronizing keybindings.
2024-06-08 10:37:23.414 [info] Snippets (Python): No changes found during synchronizing snippets.
2024-06-08 10:37:23.422 [info] Tasks (Python): No changes found during synchronizing tasks.
2024-06-08 10:37:23.521 [info] GlobalState (Python): No changes found during synchronizing ui state.
2024-06-08 10:37:23.649 [info] Extensions (Python): No changes found during synchronizing extensions.
2024-06-08 10:37:23.650 [info] Sync done. Took 753ms
2024-06-08 10:42:23.686 [info] Auto Sync: Triggered by Interval
2024-06-08 10:42:23.686 [info] Sync started.
2024-06-08 10:42:23.987 [info] Settings: No changes found during synchronizing settings.
2024-06-08 10:42:24.009 [info] Keybindings: No changes found during synchronizing keybindings.
2024-06-08 10:42:24.022 [info] Snippets: No changes found during synchronizing snippets.
2024-06-08 10:42:24.045 [info] Tasks: No changes found during synchronizing tasks.
2024-06-08 10:42:24.071 [info] GlobalState: No changes found during synchronizing ui state.
2024-06-08 10:42:24.176 [info] Extensions: No changes found during synchronizing extensions.
2024-06-08 10:42:24.184 [info] Profiles: No changes found during synchronizing profiles.
2024-06-08 10:42:24.196 [info] Syncing profile. Python
2024-06-08 10:42:24.197 [info] Settings (Python): Skipped synchronizing settings as there are conflicts.
2024-06-08 10:42:24.206 [info] Keybindings (Python): No changes found during synchronizing keybindings.
2024-06-08 10:42:24.214 [info] Snippets (Python): No changes found during synchronizing snippets.
2024-06-08 10:42:24.224 [info] Tasks (Python): No changes found during synchronizing tasks.
2024-06-08 10:42:24.300 [info] GlobalState (Python): No changes found during synchronizing ui state.
2024-06-08 10:42:24.414 [info] Extensions (Python): No changes found during synchronizing extensions.
2024-06-08 10:42:24.415 [info] Sync done. Took 729ms
2024-06-08 10:47:24.425 [info] Auto Sync: Triggered by Interval
2024-06-08 10:47:24.426 [info] Sync started.
2024-06-08 10:47:24.886 [info] Settings: No changes found during synchronizing settings.
2024-06-08 10:47:24.933 [info] Keybindings: No changes found during synchronizing keybindings.
2024-06-08 10:47:25.003 [info] Snippets: No changes found during synchronizing snippets.
2024-06-08 10:47:25.037 [info] Tasks: No changes found during synchronizing tasks.
2024-06-08 10:47:25.104 [info] GlobalState: No changes found during synchronizing ui state.
2024-06-08 10:47:25.242 [info] Extensions: No changes found during synchronizing extensions.
2024-06-08 10:47:25.258 [info] Profiles: No changes found during synchronizing profiles.
2024-06-08 10:47:25.287 [info] Syncing profile. Python
2024-06-08 10:47:25.288 [info] Settings (Python): Skipped synchronizing settings as there are conflicts.
2024-06-08 10:47:25.303 [info] Keybindings (Python): No changes found during synchronizing keybindings.
2024-06-08 10:47:25.320 [info] Snippets (Python): No changes found during synchronizing snippets.
2024-06-08 10:47:25.347 [info] Tasks (Python): No changes found during synchronizing tasks.
2024-06-08 10:47:25.527 [info] GlobalState (Python): No changes found during synchronizing ui state.
2024-06-08 10:47:25.680 [info] Extensions (Python): No changes found during synchronizing extensions.
2024-06-08 10:47:25.681 [info] Sync done. Took 1255ms
2024-06-08 10:52:25.789 [info] Auto Sync: Triggered by Interval
2024-06-08 10:52:25.790 [info] Sync started.
2024-06-08 10:52:26.179 [info] Settings: No changes found during synchronizing settings.
2024-06-08 10:52:26.215 [info] Keybindings: No changes found during synchronizing keybindings.
2024-06-08 10:52:26.235 [info] Snippets: No changes found during synchronizing snippets.
2024-06-08 10:52:26.250 [info] Tasks: No changes found during synchronizing tasks.
2024-06-08 10:52:26.316 [info] GlobalState: No changes found during synchronizing ui state.
2024-06-08 10:52:26.492 [info] Extensions: No changes found during synchronizing extensions.
2024-06-08 10:52:26.515 [info] Profiles: No changes found during synchronizing profiles.
2024-06-08 10:52:26.533 [info] Syncing profile. Python
2024-06-08 10:52:26.533 [info] Settings (Python): Skipped synchronizing settings as there are conflicts.
2024-06-08 10:52:26.564 [info] Keybindings (Python): No changes found during synchronizing keybindings.
2024-06-08 10:52:26.574 [info] Snippets (Python): No changes found during synchronizing snippets.
2024-06-08 10:52:26.594 [info] Tasks (Python): No changes found during synchronizing tasks.
2024-06-08 10:52:26.755 [info] GlobalState (Python): No changes found during synchronizing ui state.
2024-06-08 10:52:26.959 [info] Extensions (Python): No changes found during synchronizing extensions.
2024-06-08 10:52:26.959 [info] Sync done. Took 1169ms
2024-06-08 10:57:27.022 [info] Auto Sync: Triggered by Interval
2024-06-08 10:57:27.022 [info] Sync started.
2024-06-08 10:57:27.563 [info] Settings: No changes found during synchronizing settings.
2024-06-08 10:57:27.598 [info] Keybindings: No changes found during synchronizing keybindings.
2024-06-08 10:57:27.607 [info] Snippets: No changes found during synchronizing snippets.
2024-06-08 10:57:27.634 [info] Tasks: No changes found during synchronizing tasks.
2024-06-08 10:57:27.670 [info] GlobalState: No changes found during synchronizing ui state.
2024-06-08 10:57:27.863 [info] Extensions: No changes found during synchronizing extensions.
2024-06-08 10:57:27.883 [info] Profiles: No changes found during synchronizing profiles.
2024-06-08 10:57:27.918 [info] Syncing profile. Python
2024-06-08 10:57:27.919 [info] Settings (Python): Skipped synchronizing settings as there are conflicts.
2024-06-08 10:57:27.929 [info] Keybindings (Python): No changes found during synchronizing keybindings.
2024-06-08 10:57:27.947 [info] Snippets (Python): No changes found during synchronizing snippets.
2024-06-08 10:57:27.951 [info] Tasks (Python): No changes found during synchronizing tasks.
2024-06-08 10:57:28.028 [info] GlobalState (Python): No changes found during synchronizing ui state.
2024-06-08 10:57:28.251 [info] Extensions (Python): No changes found during synchronizing extensions.
2024-06-08 10:57:28.251 [info] Sync done. Took 1229ms
2024-06-08 11:02:28.263 [info] Auto Sync: Triggered by Interval
2024-06-08 11:02:28.263 [info] Sync started.
2024-06-08 11:02:28.647 [info] Settings: No changes found during synchronizing settings.
2024-06-08 11:02:28.679 [info] Keybindings: No changes found during synchronizing keybindings.
2024-06-08 11:02:28.692 [info] Snippets: No changes found during synchronizing snippets.
2024-06-08 11:02:28.716 [info] Tasks: No changes found during synchronizing tasks.
2024-06-08 11:02:28.775 [info] GlobalState: No changes found during synchronizing ui state.
2024-06-08 11:02:28.957 [info] Extensions: No changes found during synchronizing extensions.
2024-06-08 11:02:28.994 [info] Profiles: No changes found during synchronizing profiles.
2024-06-08 11:02:29.006 [info] Syncing profile. Python
2024-06-08 11:02:29.007 [info] Settings (Python): Skipped synchronizing settings as there are conflicts.
2024-06-08 11:02:29.021 [info] Keybindings (Python): No changes found during synchronizing keybindings.
2024-06-08 11:02:29.080 [info] Snippets (Python): No changes found during synchronizing snippets.
2024-06-08 11:02:29.095 [info] Tasks (Python): No changes found during synchronizing tasks.
2024-06-08 11:02:29.238 [info] GlobalState (Python): No changes found during synchronizing ui state.
2024-06-08 11:02:29.478 [info] Extensions (Python): No changes found during synchronizing extensions.
2024-06-08 11:02:29.479 [info] Sync done. Took 1216ms
2024-06-08 11:07:29.485 [info] Auto Sync: Triggered by Interval
2024-06-08 11:07:29.486 [info] Sync started.
2024-06-08 11:07:29.910 [info] Settings: No changes found during synchronizing settings.
2024-06-08 11:07:29.926 [info] Keybindings: No changes found during synchronizing keybindings.
2024-06-08 11:07:29.951 [info] Snippets: No changes found during synchronizing snippets.
2024-06-08 11:07:29.965 [info] Tasks: No changes found during synchronizing tasks.
2024-06-08 11:07:30.002 [info] GlobalState: No changes found during synchronizing ui state.
2024-06-08 11:07:30.247 [info] Extensions: No changes found during synchronizing extensions.
2024-06-08 11:07:30.300 [info] Profiles: No changes found during synchronizing profiles.
2024-06-08 11:07:30.332 [info] Syncing profile. Python
2024-06-08 11:07:30.333 [info] Settings (Python): Skipped synchronizing settings as there are conflicts.
2024-06-08 11:07:30.368 [info] Keybindings (Python): No changes found during synchronizing keybindings.
2024-06-08 11:07:30.373 [info] Snippets (Python): No changes found during synchronizing snippets.
2024-06-08 11:07:30.380 [info] Tasks (Python): No changes found during synchronizing tasks.
2024-06-08 11:07:30.456 [info] GlobalState (Python): No changes found during synchronizing ui state.
2024-06-08 11:07:30.719 [info] Extensions (Python): No changes found during synchronizing extensions.
2024-06-08 11:07:30.723 [info] Sync done. Took 1237ms
2024-06-08 11:12:30.725 [info] Auto Sync: Triggered by Interval
2024-06-08 11:12:30.725 [info] Sync started.
2024-06-08 11:12:31.144 [info] Settings: No changes found during synchronizing settings.
2024-06-08 11:12:31.164 [info] Keybindings: No changes found during synchronizing keybindings.
2024-06-08 11:12:31.189 [info] Snippets: No changes found during synchronizing snippets.
2024-06-08 11:12:31.204 [info] Tasks: No changes found during synchronizing tasks.
2024-06-08 11:12:31.244 [info] GlobalState: No changes found during synchronizing ui state.
2024-06-08 11:12:31.518 [info] Extensions: No changes found during synchronizing extensions.
2024-06-08 11:12:31.554 [info] Profiles: No changes found during synchronizing profiles.
2024-06-08 11:12:31.579 [info] Syncing profile. Python
2024-06-08 11:12:31.580 [info] Settings (Python): Skipped synchronizing settings as there are conflicts.
2024-06-08 11:12:31.597 [info] Keybindings (Python): No changes found during synchronizing keybindings.
2024-06-08 11:12:31.627 [info] Snippets (Python): No changes found during synchronizing snippets.
2024-06-08 11:12:31.650 [info] Tasks (Python): No changes found during synchronizing tasks.
2024-06-08 11:12:31.743 [info] GlobalState (Python): No changes found during synchronizing ui state.
2024-06-08 11:12:31.960 [info] Extensions (Python): No changes found during synchronizing extensions.
2024-06-08 11:12:31.961 [info] Sync done. Took 1236ms
